<?xml version="1.0" encoding="UTF-8"?>
<robot generator="Robot 7.0 (Python 3.11.0 on win32)" generated="2024-06-05T21:01:07.516619" rpa="false" schemaversion="5">
<suite id="s1" name="ExemplosArgumentos" source="D:\Documentos\robotframework\testescod\cursorobotframeworkbasic\webtest\ExemplosArgumentos.robot">
<test id="s1-t1" name="Caso de teste de exemplo 01" line="8">
<kw name="Uma keyword qualquer 01">
<kw name="Uma subkeyword com argumentos">
<kw name="Log" owner="BuiltIn">
<msg time="2024-06-05T21:01:07.542709" level="INFO">Nome Usuário: Bruno Silva</msg>
<arg>Nome Usuário: ${NOME_USUARIO}</arg>
<doc>Logs the given message with the given level.</doc>
<status status="PASS" start="2024-06-05T21:01:07.542709" elapsed="0.000000"/>
</kw>
<kw name="Log" owner="BuiltIn">
<msg time="2024-06-05T21:01:07.543708" level="INFO">Email: bruno_silva@teste.com.br</msg>
<arg>Email: ${EMAIL_USUARIO}</arg>
<doc>Logs the given message with the given level.</doc>
<status status="PASS" start="2024-06-05T21:01:07.542709" elapsed="0.000999"/>
</kw>
<arg>Bruno Silva</arg>
<arg>bruno_silva@teste.com.br</arg>
<status status="PASS" start="2024-06-05T21:01:07.542709" elapsed="0.000999"/>
</kw>
<kw name="Uma subkeyword com argumentos">
<kw name="Log" owner="BuiltIn">
<msg time="2024-06-05T21:01:07.543708" level="INFO">Nome Usuário: Www Pedro</msg>
<arg>Nome Usuário: ${NOME_USUARIO}</arg>
<doc>Logs the given message with the given level.</doc>
<status status="PASS" start="2024-06-05T21:01:07.543708" elapsed="0.000000"/>
</kw>
<kw name="Log" owner="BuiltIn">
<msg time="2024-06-05T21:01:07.544724" level="INFO">Email: www@exemplo.com.br</msg>
<arg>Email: ${EMAIL_USUARIO}</arg>
<doc>Logs the given message with the given level.</doc>
<status status="PASS" start="2024-06-05T21:01:07.543708" elapsed="0.001016"/>
</kw>
<arg>${PESSOA.nome}</arg>
<arg>${PESSOA.email}</arg>
<status status="PASS" start="2024-06-05T21:01:07.543708" elapsed="0.001016"/>
</kw>
<kw name="Uma subkeyword com retorno">
<kw name="Set Variable If" owner="BuiltIn">
<msg time="2024-06-05T21:01:07.544724" level="INFO">${MENSAGEM} = Não autorizado! O usuário Www Pedro é menor de idade!</msg>
<var>${MENSAGEM}</var>
<arg>${IDADE_USUARIO}&lt;18</arg>
<arg>Não autorizado! O usuário ${NOME_USUARIO} é menor de idade!</arg>
<arg>OK!Usuário é maior de idade!</arg>
<doc>Sets variable based on the given condition.</doc>
<status status="PASS" start="2024-06-05T21:01:07.544724" elapsed="0.000000"/>
</kw>
<return>
<value>${MENSAGEM}</value>
<status status="PASS" start="2024-06-05T21:01:07.544724" elapsed="0.000000"/>
</return>
<msg time="2024-06-05T21:01:07.544724" level="INFO">${MENSAGEM_ALERTA} = Não autorizado! O usuário Www Pedro é menor de idade!</msg>
<var>${MENSAGEM_ALERTA}</var>
<arg>${PESSOA.nome}</arg>
<arg>${PESSOA.idade}</arg>
<status status="PASS" start="2024-06-05T21:01:07.544724" elapsed="0.000000"/>
</kw>
<kw name="Log" owner="BuiltIn">
<msg time="2024-06-05T21:01:07.545724" level="INFO">Não autorizado! O usuário Www Pedro é menor de idade!</msg>
<arg>${MENSAGEM_ALERTA}</arg>
<doc>Logs the given message with the given level.</doc>
<status status="PASS" start="2024-06-05T21:01:07.544724" elapsed="0.001000"/>
</kw>
<status status="PASS" start="2024-06-05T21:01:07.541708" elapsed="0.004016"/>
</kw>
<status status="PASS" start="2024-06-05T21:01:07.541708" elapsed="0.004016"/>
</test>
<doc>Exemplo de uso de variáveis como argumentos em Keywords</doc>
<status status="PASS" start="2024-06-05T21:01:07.517618" elapsed="0.029090"/>
</suite>
<statistics>
<total>
<stat pass="1" fail="0" skip="0">All Tests</stat>
</total>
<tag>
</tag>
<suite>
<stat pass="1" fail="0" skip="0" id="s1" name="ExemplosArgumentos">ExemplosArgumentos</stat>
</suite>
</statistics>
<errors>
<msg time="2024-06-05T21:01:07.498154" level="WARN">Error in file 'D:\Documentos\robotframework\testescod\cursorobotframeworkbasic\webtest\ExemplosArgumentos.robot' on line 4: Singular section headers like '*** Variable ***' are deprecated. Use plural format like '*** Variables ***' instead.</msg>
<msg time="2024-06-05T21:01:07.499180" level="WARN">Error in file 'D:\Documentos\robotframework\testescod\cursorobotframeworkbasic\webtest\ExemplosArgumentos.robot' on line 26: The '[Return]' setting is deprecated. Use the 'RETURN' statement instead.</msg>
</errors>
</robot>
